<?xml version="1.0" encoding="UTF-8"?>
<!-- Generated by org.testng.reporters.JUnitReportReporter -->
<testsuite skipped="0" hostname="Admin-PC" name="com.crm.qa.TestCases.LoginPageTest" tests="3" failures="0" timestamp="20 Jul 2019 10:39:28 GMT" time="58.989" errors="0">
  <testcase name="loginPageTitleTest" time="21.516" classname="com.crm.qa.TestCases.LoginPageTest"/>
  <testcase name="crmLogoImageTest" time="18.572" classname="com.crm.qa.TestCases.LoginPageTest"/>
  <testcase name="loginTest" time="18.901" classname="com.crm.qa.TestCases.LoginPageTest"/>
</testsuite> <!-- com.crm.qa.TestCases.LoginPageTest -->
